 2025-11-08 17:42:11,939 - grid_search, cora, doscond, APPNP
 2025-11-08 17:42:11,939 - Config: lr_feat 0.0001 lr_adj 0.0001 dis_metric mse outer_loop 1 inner_loop 1
 2025-11-08 17:42:11,939 - Intermediate evaluation on [-1, 99, 199, 299, 399, 499, 599, 699, 799, 899, 999]
 2025-11-08 17:42:41,712 - Val:  74.0667 +/- 0.3771
 2025-11-08 17:42:41,712 - Test: 74.5333 +/- 0.5437
 2025-11-08 17:43:07,236 - Val:  78.3333 +/- 0.4989
 2025-11-08 17:43:07,236 - Test: 76.9000 +/- 0.1633
 2025-11-08 17:43:30,826 - Val:  79.4000 +/- 0.7483
 2025-11-08 17:43:30,826 - Test: 79.4000 +/- 0.4546
 2025-11-08 17:43:50,782 - Val:  79.0000 +/- 0.2828
 2025-11-08 17:43:50,783 - Test: 80.5000 +/- 1.2028
 2025-11-08 17:44:10,763 - Val:  77.8667 +/- 0.8380
 2025-11-08 17:44:10,763 - Test: 79.3333 +/- 0.2494
 2025-11-08 17:44:32,154 - Val:  78.0667 +/- 0.2494
 2025-11-08 17:44:32,154 - Test: 80.6000 +/- 0.4320
 2025-11-08 17:44:58,886 - Val:  79.2667 +/- 0.2494
 2025-11-08 17:44:58,886 - Test: 81.3000 +/- 0.6683
 2025-11-08 17:45:24,639 - Val:  79.6000 +/- 0.5888
 2025-11-08 17:45:24,639 - Test: 82.7000 +/- 0.7483
 2025-11-08 17:45:43,949 - Val:  80.9333 +/- 0.4989
 2025-11-08 17:45:43,949 - Test: 82.6000 +/- 0.3266
 2025-11-08 17:46:03,643 - Val:  80.6667 +/- 0.2494
 2025-11-08 17:46:03,644 - Test: 82.9000 +/- 1.2675
 2025-11-08 17:46:07,777 - Model: SGC, Seed:1, Vaild Mean Accuracy: 66.33 +/- 0.09, Test Mean Accuracy: 65.63 +/- 0.21
 2025-11-08 17:46:11,526 - Model: GCN, Seed:1, Vaild Mean Accuracy: 59.80 +/- 1.73, Test Mean Accuracy: 59.30 +/- 4.64
 2025-11-08 17:46:19,821 - Model: GAT, Seed:1, Vaild Mean Accuracy: 30.33 +/- 1.39, Test Mean Accuracy: 28.97 +/- 3.66
 2025-11-08 17:46:25,180 - Model: GraphSage, Seed:1, Vaild Mean Accuracy: 60.60 +/- 2.44, Test Mean Accuracy: 59.87 +/- 1.61
 2025-11-08 17:46:52,084 - Model: Cheby, Seed:1, Vaild Mean Accuracy: 19.47 +/- 1.86, Test Mean Accuracy: 19.90 +/- 3.31
 2025-11-08 17:47:00,412 - Model: APPNP, Seed:1, Vaild Mean Accuracy: 80.47 +/- 0.09, Test Mean Accuracy: 82.63 +/- 1.06
 2025-11-08 17:47:02,345 - Model: Linear, Seed:1, Vaild Mean Accuracy: 47.27 +/- 1.75, Test Mean Accuracy: 47.90 +/- 2.62
 2025-11-08 17:47:07,206 - grid_search, cora, doscond, APPNP
 2025-11-08 17:47:07,206 - Config: lr_feat 0.0001 lr_adj 0.0001 dis_metric ours outer_loop 1 inner_loop 1
 2025-11-08 17:47:07,206 - Intermediate evaluation on [-1, 99, 199, 299, 399, 499, 599, 699, 799, 899, 999]
 2025-11-08 17:47:36,929 - Val:  70.8667 +/- 0.4989
 2025-11-08 17:47:36,930 - Test: 69.9333 +/- 0.5249
 2025-11-08 17:48:01,435 - Val:  61.6667 +/- 3.1170
 2025-11-08 17:48:01,435 - Test: 59.8667 +/- 3.2724
 2025-11-08 17:48:28,055 - Val:  46.0667 +/- 3.0214
 2025-11-08 17:48:28,055 - Test: 42.7333 +/- 4.7261
 2025-11-08 17:48:54,349 - Val:  33.2000 +/- 0.9092
 2025-11-08 17:48:54,349 - Test: 32.5667 +/- 0.9672
 2025-11-08 17:49:20,801 - Val:  38.2000 +/- 2.9530
 2025-11-08 17:49:20,801 - Test: 36.5667 +/- 2.9769
 2025-11-08 17:49:47,190 - Val:  35.4667 +/- 7.7448
 2025-11-08 17:49:47,191 - Test: 32.9333 +/- 7.6159
 2025-11-08 17:50:13,624 - Val:  24.5333 +/- 1.5691
 2025-11-08 17:50:13,625 - Test: 23.6000 +/- 1.9201
 2025-11-08 17:50:34,192 - Val:  31.5333 +/- 3.1255
 2025-11-08 17:50:34,192 - Test: 29.7333 +/- 3.3310
 2025-11-08 17:50:58,622 - Val:  28.6000 +/- 2.5351
 2025-11-08 17:50:58,623 - Test: 26.9667 +/- 3.5349
 2025-11-08 17:51:23,980 - Val:  26.4000 +/- 4.9071
 2025-11-08 17:51:23,981 - Test: 24.5667 +/- 6.0851
 2025-11-08 17:51:28,246 - Model: SGC, Seed:1, Vaild Mean Accuracy: 23.73 +/- 6.37, Test Mean Accuracy: 22.03 +/- 7.85
 2025-11-08 17:51:32,123 - Model: GCN, Seed:1, Vaild Mean Accuracy: 23.00 +/- 6.41, Test Mean Accuracy: 21.27 +/- 7.57
 2025-11-08 17:51:40,358 - Model: GAT, Seed:1, Vaild Mean Accuracy: 22.80 +/- 6.26, Test Mean Accuracy: 21.87 +/- 7.12
 2025-11-08 17:51:45,631 - Model: GraphSage, Seed:1, Vaild Mean Accuracy: 46.40 +/- 1.07, Test Mean Accuracy: 43.17 +/- 1.33
 2025-11-08 17:52:12,958 - Model: Cheby, Seed:1, Vaild Mean Accuracy: 31.40 +/- 0.59, Test Mean Accuracy: 31.97 +/- 0.57
 2025-11-08 17:52:21,171 - Model: APPNP, Seed:1, Vaild Mean Accuracy: 70.40 +/- 0.43, Test Mean Accuracy: 69.10 +/- 0.37
 2025-11-08 17:52:23,029 - Model: Linear, Seed:1, Vaild Mean Accuracy: 26.00 +/- 7.22, Test Mean Accuracy: 23.77 +/- 6.56
 2025-11-08 17:52:28,422 - grid_search, cora, doscond, APPNP
 2025-11-08 17:52:28,422 - Config: lr_feat 0.0001 lr_adj 0.001 dis_metric mse outer_loop 1 inner_loop 1
 2025-11-08 17:52:28,422 - Intermediate evaluation on [-1, 99, 199, 299, 399, 499, 599, 699, 799, 899, 999]
 2025-11-08 17:52:58,804 - Val:  77.3333 +/- 1.0873
 2025-11-08 17:52:58,805 - Test: 75.7333 +/- 0.7364
 2025-11-08 17:53:27,008 - Val:  77.4667 +/- 0.4110
 2025-11-08 17:53:27,008 - Test: 77.4000 +/- 0.5888
 2025-11-08 17:53:55,272 - Val:  76.2000 +/- 0.4320
 2025-11-08 17:53:55,273 - Test: 76.1667 +/- 0.4643
 2025-11-08 17:54:22,091 - Val:  76.8000 +/- 2.2450
 2025-11-08 17:54:22,091 - Test: 76.9333 +/- 2.6386
 2025-11-08 17:54:50,273 - Val:  77.4000 +/- 0.8485
 2025-11-08 17:54:50,274 - Test: 77.9667 +/- 1.0781
 2025-11-08 17:55:16,311 - Val:  79.0000 +/- 0.5888
 2025-11-08 17:55:16,311 - Test: 80.3333 +/- 0.3859
 2025-11-08 17:55:42,595 - Val:  79.8000 +/- 0.1633
 2025-11-08 17:55:42,595 - Test: 81.3667 +/- 0.4643
 2025-11-08 17:56:08,870 - Val:  80.1333 +/- 0.1886
 2025-11-08 17:56:08,870 - Test: 81.4333 +/- 0.5312
 2025-11-08 17:56:34,661 - Val:  80.0667 +/- 0.6799
 2025-11-08 17:56:34,662 - Test: 82.1333 +/- 1.2472
 2025-11-08 17:57:00,814 - Val:  81.0667 +/- 1.1470
 2025-11-08 17:57:00,814 - Test: 82.3333 +/- 1.3474
 2025-11-08 17:57:05,119 - Model: SGC, Seed:1, Vaild Mean Accuracy: 74.80 +/- 0.16, Test Mean Accuracy: 75.70 +/- 1.10
 2025-11-08 17:57:08,895 - Model: GCN, Seed:1, Vaild Mean Accuracy: 54.87 +/- 1.98, Test Mean Accuracy: 54.40 +/- 2.38
 2025-11-08 17:57:17,219 - Model: GAT, Seed:1, Vaild Mean Accuracy: 26.80 +/- 6.51, Test Mean Accuracy: 26.63 +/- 4.41
 2025-11-08 17:57:22,576 - Model: GraphSage, Seed:1, Vaild Mean Accuracy: 59.87 +/- 1.32, Test Mean Accuracy: 61.10 +/- 1.66
 2025-11-08 17:57:49,525 - Model: Cheby, Seed:1, Vaild Mean Accuracy: 22.73 +/- 3.77, Test Mean Accuracy: 24.70 +/- 2.75
 2025-11-08 17:57:57,801 - Model: APPNP, Seed:1, Vaild Mean Accuracy: 80.20 +/- 0.43, Test Mean Accuracy: 81.53 +/- 0.52
 2025-11-08 17:57:59,665 - Model: Linear, Seed:1, Vaild Mean Accuracy: 50.40 +/- 3.44, Test Mean Accuracy: 51.40 +/- 1.88
 2025-11-08 17:58:04,646 - grid_search, cora, doscond, APPNP
 2025-11-08 17:58:04,646 - Config: lr_feat 0.0001 lr_adj 0.001 dis_metric ours outer_loop 1 inner_loop 1
 2025-11-08 17:58:04,647 - Intermediate evaluation on [-1, 99, 199, 299, 399, 499, 599, 699, 799, 899, 999]
 2025-11-08 17:58:32,999 - Val:  29.6667 +/- 3.9542
 2025-11-08 17:58:32,999 - Test: 30.9000 +/- 3.3176
 2025-11-08 17:58:58,653 - Val:  30.0667 +/- 9.8540
 2025-11-08 17:58:58,653 - Test: 29.6667 +/- 10.5085
 2025-11-08 17:59:25,109 - Val:  29.4667 +/- 6.5449
 2025-11-08 17:59:25,109 - Test: 29.8000 +/- 5.9447
 2025-11-08 17:59:50,937 - Val:  24.1333 +/- 2.1061
 2025-11-08 17:59:50,937 - Test: 23.1000 +/- 1.6971
 2025-11-08 18:00:15,058 - Val:  32.7333 +/- 1.6028
 2025-11-08 18:00:15,059 - Test: 33.0000 +/- 1.5556
 2025-11-08 18:00:38,222 - Val:  30.0667 +/- 1.1116
 2025-11-08 18:00:38,222 - Test: 27.6000 +/- 3.0474
 2025-11-08 18:01:03,982 - Val:  29.5333 +/- 0.3771
 2025-11-08 18:01:03,983 - Test: 26.4667 +/- 0.2055
 2025-11-08 18:01:28,997 - Val:  28.6000 +/- 0.5657
 2025-11-08 18:01:28,997 - Test: 25.0667 +/- 0.8731
 2025-11-08 18:01:53,971 - Val:  29.5333 +/- 2.9227
 2025-11-08 18:01:53,972 - Test: 28.8333 +/- 4.3369
 2025-11-08 18:02:19,466 - Val:  29.0000 +/- 1.8547
 2025-11-08 18:02:19,467 - Test: 27.0000 +/- 3.5506
 2025-11-08 18:02:23,596 - Model: SGC, Seed:1, Vaild Mean Accuracy: 24.27 +/- 5.12, Test Mean Accuracy: 24.63 +/- 5.22
 2025-11-08 18:02:27,217 - Model: GCN, Seed:1, Vaild Mean Accuracy: 28.07 +/- 2.71, Test Mean Accuracy: 26.93 +/- 3.76
 2025-11-08 18:02:35,573 - Model: GAT, Seed:1, Vaild Mean Accuracy: 21.93 +/- 5.59, Test Mean Accuracy: 20.27 +/- 5.63
 2025-11-08 18:02:40,791 - Model: GraphSage, Seed:1, Vaild Mean Accuracy: 35.13 +/- 1.09, Test Mean Accuracy: 32.37 +/- 1.58
 2025-11-08 18:03:08,206 - Model: Cheby, Seed:1, Vaild Mean Accuracy: 29.53 +/- 1.57, Test Mean Accuracy: 30.20 +/- 1.20
 2025-11-08 18:03:16,615 - Model: APPNP, Seed:1, Vaild Mean Accuracy: 27.80 +/- 2.75, Test Mean Accuracy: 27.47 +/- 3.16
 2025-11-08 18:03:18,539 - Model: Linear, Seed:1, Vaild Mean Accuracy: 22.53 +/- 6.59, Test Mean Accuracy: 21.83 +/- 6.43
 2025-11-08 18:03:23,443 - grid_search, cora, doscond, APPNP
 2025-11-08 18:03:23,443 - Config: lr_feat 0.0001 lr_adj 0.01 dis_metric mse outer_loop 1 inner_loop 1
 2025-11-08 18:03:23,443 - Intermediate evaluation on [-1, 99, 199, 299, 399, 499, 599, 699, 799, 899, 999]
 2025-11-08 18:03:53,703 - Val:  71.8000 +/- 0.3266
 2025-11-08 18:03:53,703 - Test: 71.3667 +/- 0.1886
 2025-11-08 18:04:16,332 - Val:  77.2667 +/- 0.1886
 2025-11-08 18:04:16,333 - Test: 73.6333 +/- 0.4643
 2025-11-08 18:04:40,240 - Val:  78.7333 +/- 0.0943
 2025-11-08 18:04:40,240 - Test: 75.4000 +/- 0.2944
 2025-11-08 18:05:05,170 - Val:  78.3333 +/- 0.3771
 2025-11-08 18:05:05,171 - Test: 75.8667 +/- 0.3300
 2025-11-08 18:05:28,495 - Val:  77.8000 +/- 0.6532
 2025-11-08 18:05:28,496 - Test: 76.8667 +/- 1.0274
 2025-11-08 18:05:53,470 - Val:  78.2667 +/- 0.6600
 2025-11-08 18:05:53,470 - Test: 77.8000 +/- 1.9950
 2025-11-08 18:06:13,212 - Val:  78.0667 +/- 0.6799
 2025-11-08 18:06:13,213 - Test: 77.5667 +/- 1.1728
 2025-11-08 18:06:34,695 - Val:  77.8667 +/- 0.6182
 2025-11-08 18:06:34,696 - Test: 77.6000 +/- 0.0816
 2025-11-08 18:06:56,385 - Val:  77.8000 +/- 0.1633
 2025-11-08 18:06:56,386 - Test: 78.6333 +/- 0.6600
 2025-11-08 18:07:20,777 - Val:  78.7333 +/- 0.4989
 2025-11-08 18:07:20,778 - Test: 79.1000 +/- 1.8991
 2025-11-08 18:07:25,052 - Model: SGC, Seed:1, Vaild Mean Accuracy: 48.20 +/- 0.33, Test Mean Accuracy: 47.67 +/- 1.06
 2025-11-08 18:07:28,917 - Model: GCN, Seed:1, Vaild Mean Accuracy: 31.47 +/- 1.15, Test Mean Accuracy: 30.20 +/- 1.24
 2025-11-08 18:07:36,855 - Model: GAT, Seed:1, Vaild Mean Accuracy: 28.80 +/- 2.63, Test Mean Accuracy: 28.73 +/- 3.40
 2025-11-08 18:07:41,656 - Model: GraphSage, Seed:1, Vaild Mean Accuracy: 53.87 +/- 3.02, Test Mean Accuracy: 51.93 +/- 2.52
 2025-11-08 18:08:08,779 - Model: Cheby, Seed:1, Vaild Mean Accuracy: 24.67 +/- 4.62, Test Mean Accuracy: 24.00 +/- 5.49
 2025-11-08 18:08:17,625 - Model: APPNP, Seed:1, Vaild Mean Accuracy: 78.87 +/- 0.19, Test Mean Accuracy: 75.60 +/- 0.37
 2025-11-08 18:08:19,544 - Model: Linear, Seed:1, Vaild Mean Accuracy: 41.13 +/- 1.75, Test Mean Accuracy: 39.07 +/- 2.83
 2025-11-08 18:08:24,720 - grid_search, cora, doscond, APPNP
 2025-11-08 18:08:24,720 - Config: lr_feat 0.0001 lr_adj 0.01 dis_metric ours outer_loop 1 inner_loop 1
 2025-11-08 18:08:24,720 - Intermediate evaluation on [-1, 99, 199, 299, 399, 499, 599, 699, 799, 899, 999]
 2025-11-08 18:08:51,168 - Val:  70.7333 +/- 0.7364
 2025-11-08 18:08:51,169 - Test: 70.3333 +/- 0.6650
 2025-11-08 18:09:15,995 - Val:  61.1333 +/- 6.3965
 2025-11-08 18:09:15,996 - Test: 58.0000 +/- 5.4851
 2025-11-08 18:09:41,404 - Val:  42.8667 +/- 2.8767
 2025-11-08 18:09:41,405 - Test: 40.7333 +/- 3.0445
 2025-11-08 18:10:06,579 - Val:  28.6000 +/- 3.6914
 2025-11-08 18:10:06,579 - Test: 28.4333 +/- 3.3519
 2025-11-08 18:10:28,594 - Val:  33.9333 +/- 7.1951
 2025-11-08 18:10:28,595 - Test: 33.0000 +/- 7.2166
 2025-11-08 18:10:48,262 - Val:  25.4000 +/- 5.0306
 2025-11-08 18:10:48,262 - Test: 24.4667 +/- 5.5632
 2025-11-08 18:11:09,403 - Val:  22.2667 +/- 5.1545
 2025-11-08 18:11:09,403 - Test: 20.5667 +/- 4.5734
 2025-11-08 18:11:34,233 - Val:  17.8667 +/- 2.0806
 2025-11-08 18:11:34,233 - Test: 16.3333 +/- 1.9568
 2025-11-08 18:11:59,898 - Val:  27.5333 +/- 3.3160
 2025-11-08 18:11:59,898 - Test: 26.7000 +/- 4.0324
 2025-11-08 18:12:25,567 - Val:  23.7333 +/- 9.1598
 2025-11-08 18:12:25,568 - Test: 20.9667 +/- 7.1004
 2025-11-08 18:12:29,818 - Model: SGC, Seed:1, Vaild Mean Accuracy: 23.33 +/- 6.54, Test Mean Accuracy: 23.07 +/- 7.15
 2025-11-08 18:12:33,583 - Model: GCN, Seed:1, Vaild Mean Accuracy: 27.07 +/- 2.29, Test Mean Accuracy: 27.17 +/- 2.96
 2025-11-08 18:12:41,397 - Model: GAT, Seed:1, Vaild Mean Accuracy: 21.00 +/- 7.96, Test Mean Accuracy: 20.90 +/- 8.01
 2025-11-08 18:12:46,809 - Model: GraphSage, Seed:1, Vaild Mean Accuracy: 47.13 +/- 0.90, Test Mean Accuracy: 43.63 +/- 1.31
 2025-11-08 18:13:15,649 - Model: Cheby, Seed:1, Vaild Mean Accuracy: 31.00 +/- 0.85, Test Mean Accuracy: 31.73 +/- 0.39
 2025-11-08 18:13:24,413 - Model: APPNP, Seed:1, Vaild Mean Accuracy: 70.20 +/- 0.75, Test Mean Accuracy: 69.67 +/- 1.11
 2025-11-08 18:13:26,534 - Model: Linear, Seed:1, Vaild Mean Accuracy: 25.27 +/- 6.03, Test Mean Accuracy: 24.07 +/- 6.73
 2025-11-08 18:13:31,442 - grid_search, cora, doscond, APPNP
 2025-11-08 18:13:31,442 - Config: lr_feat 0.001 lr_adj 0.0001 dis_metric mse outer_loop 1 inner_loop 1
 2025-11-08 18:13:31,442 - Intermediate evaluation on [-1, 99, 199, 299, 399, 499, 599, 699, 799, 899, 999]
 2025-11-08 18:14:02,534 - Val:  71.2667 +/- 0.8994
 2025-11-08 18:14:02,535 - Test: 73.3333 +/- 0.4643
 2025-11-08 18:14:30,071 - Val:  80.4667 +/- 0.2494
 2025-11-08 18:14:30,071 - Test: 80.9000 +/- 0.3742
 2025-11-08 18:14:56,533 - Val:  80.5333 +/- 0.1886
 2025-11-08 18:14:56,533 - Test: 80.3667 +/- 0.4989
 2025-11-08 18:15:21,666 - Val:  80.6000 +/- 0.1633
 2025-11-08 18:15:21,667 - Test: 80.2000 +/- 0.1414
 2025-11-08 18:15:46,326 - Val:  80.9333 +/- 0.1886
 2025-11-08 18:15:46,326 - Test: 81.2667 +/- 0.5735
 2025-11-08 18:16:06,057 - Val:  81.1333 +/- 0.1886
 2025-11-08 18:16:06,057 - Test: 81.7667 +/- 0.1700
 2025-11-08 18:16:27,027 - Val:  80.6000 +/- 0.5657
 2025-11-08 18:16:27,027 - Test: 81.1667 +/- 0.7409
 2025-11-08 18:16:48,272 - Val:  80.4000 +/- 0.2828
 2025-11-08 18:16:48,273 - Test: 80.5000 +/- 0.4967
 2025-11-08 18:17:10,595 - Val:  80.4000 +/- 0.4320
 2025-11-08 18:17:10,596 - Test: 81.2000 +/- 0.7789
 2025-11-08 18:17:36,735 - Val:  80.2667 +/- 0.5735
 2025-11-08 18:17:36,735 - Test: 80.7333 +/- 1.1116
 2025-11-08 18:17:41,498 - Model: SGC, Seed:1, Vaild Mean Accuracy: 63.93 +/- 0.19, Test Mean Accuracy: 62.77 +/- 0.12
 2025-11-08 18:17:46,082 - Model: GCN, Seed:1, Vaild Mean Accuracy: 57.67 +/- 3.08, Test Mean Accuracy: 56.43 +/- 4.43
 2025-11-08 18:17:53,077 - Model: GAT, Seed:1, Vaild Mean Accuracy: 29.33 +/- 2.68, Test Mean Accuracy: 28.33 +/- 3.44
 2025-11-08 18:17:57,934 - Model: GraphSage, Seed:1, Vaild Mean Accuracy: 56.07 +/- 1.64, Test Mean Accuracy: 59.07 +/- 2.83
 2025-11-08 18:18:23,013 - Model: Cheby, Seed:1, Vaild Mean Accuracy: 22.67 +/- 0.96, Test Mean Accuracy: 23.53 +/- 1.56
 2025-11-08 18:18:29,830 - Model: APPNP, Seed:1, Vaild Mean Accuracy: 81.07 +/- 0.41, Test Mean Accuracy: 81.77 +/- 0.29
 2025-11-08 18:18:31,778 - Model: Linear, Seed:1, Vaild Mean Accuracy: 58.67 +/- 2.22, Test Mean Accuracy: 57.40 +/- 1.90
 2025-11-08 18:18:36,973 - grid_search, cora, doscond, APPNP
 2025-11-08 18:18:36,973 - Config: lr_feat 0.001 lr_adj 0.0001 dis_metric ours outer_loop 1 inner_loop 1
 2025-11-08 18:18:36,973 - Intermediate evaluation on [-1, 99, 199, 299, 399, 499, 599, 699, 799, 899, 999]
 2025-11-08 18:19:07,183 - Val:  24.0667 +/- 7.3218
 2025-11-08 18:19:07,183 - Test: 23.6000 +/- 8.1318
 2025-11-08 18:19:33,930 - Val:  31.4000 +/- 1.7205
 2025-11-08 18:19:33,930 - Test: 28.7333 +/- 2.4904
 2025-11-08 18:20:00,698 - Val:  15.0000 +/- 1.2961
 2025-11-08 18:20:00,698 - Test: 15.4000 +/- 1.2356
 2025-11-08 18:20:25,217 - Val:  24.6667 +/- 5.1182
 2025-11-08 18:20:25,217 - Test: 23.8667 +/- 6.0224
 2025-11-08 18:20:50,055 - Val:  15.8000 +/- 0.2828
 2025-11-08 18:20:50,056 - Test: 14.5667 +/- 0.2357
 2025-11-08 18:21:14,930 - Val:  26.6000 +/- 7.0711
 2025-11-08 18:21:14,930 - Test: 26.0000 +/- 8.2733
 2025-11-08 18:21:40,288 - Val:  23.9333 +/- 11.0855
 2025-11-08 18:21:40,288 - Test: 21.2667 +/- 9.2204
 2025-11-08 18:22:06,698 - Val:  19.8000 +/- 3.7982
 2025-11-08 18:22:06,699 - Test: 17.9000 +/- 3.0735
 2025-11-08 18:22:34,406 - Val:  18.6667 +/- 3.6307
 2025-11-08 18:22:34,406 - Test: 17.2333 +/- 3.6536
 2025-11-08 18:23:01,218 - Val:  23.6000 +/- 6.3750
 2025-11-08 18:23:01,218 - Test: 23.0333 +/- 7.1041
 2025-11-08 18:23:05,402 - Model: SGC, Seed:1, Vaild Mean Accuracy: 9.13 +/- 2.32, Test Mean Accuracy: 9.93 +/- 2.24
 2025-11-08 18:23:09,279 - Model: GCN, Seed:1, Vaild Mean Accuracy: 29.80 +/- 1.77, Test Mean Accuracy: 30.47 +/- 1.82
 2025-11-08 18:23:17,579 - Model: GAT, Seed:1, Vaild Mean Accuracy: 23.00 +/- 6.53, Test Mean Accuracy: 22.40 +/- 6.84
 2025-11-08 18:23:22,995 - Model: GraphSage, Seed:1, Vaild Mean Accuracy: 33.67 +/- 1.41, Test Mean Accuracy: 31.80 +/- 1.02
 2025-11-08 18:23:50,561 - Model: Cheby, Seed:1, Vaild Mean Accuracy: 28.93 +/- 1.89, Test Mean Accuracy: 29.20 +/- 2.09
 2025-11-08 18:23:59,169 - Model: APPNP, Seed:1, Vaild Mean Accuracy: 22.47 +/- 7.46, Test Mean Accuracy: 20.70 +/- 7.99
 2025-11-08 18:24:01,142 - Model: Linear, Seed:1, Vaild Mean Accuracy: 24.73 +/- 4.89, Test Mean Accuracy: 23.57 +/- 6.14
 2025-11-08 18:24:06,218 - grid_search, cora, doscond, APPNP
 2025-11-08 18:24:06,218 - Config: lr_feat 0.001 lr_adj 0.001 dis_metric mse outer_loop 1 inner_loop 1
 2025-11-08 18:24:06,218 - Intermediate evaluation on [-1, 99, 199, 299, 399, 499, 599, 699, 799, 899, 999]
 2025-11-08 18:24:36,167 - Val:  74.4667 +/- 0.3399
 2025-11-08 18:24:36,167 - Test: 75.7000 +/- 0.0816
 2025-11-08 18:25:02,777 - Val:  80.0000 +/- 0.2828
 2025-11-08 18:25:02,777 - Test: 79.7333 +/- 0.2055
 2025-11-08 18:25:29,855 - Val:  78.6667 +/- 0.4110
 2025-11-08 18:25:29,856 - Test: 78.9000 +/- 0.1633
 2025-11-08 18:25:57,276 - Val:  78.1333 +/- 0.1886
 2025-11-08 18:25:57,276 - Test: 77.7333 +/- 0.6182
 2025-11-08 18:26:24,449 - Val:  79.5333 +/- 0.0943
 2025-11-08 18:26:24,449 - Test: 78.8667 +/- 0.7318
 2025-11-08 18:26:51,954 - Val:  80.4667 +/- 0.4110
 2025-11-08 18:26:51,955 - Test: 80.9000 +/- 0.0000
 2025-11-08 18:27:21,155 - Val:  81.0000 +/- 0.4899
 2025-11-08 18:27:21,155 - Test: 81.8333 +/- 0.7040
 2025-11-08 18:27:48,712 - Val:  81.2667 +/- 0.2494
 2025-11-08 18:27:48,712 - Test: 82.8000 +/- 0.1633
 2025-11-08 18:28:16,228 - Val:  81.4000 +/- 0.1633
 2025-11-08 18:28:16,228 - Test: 82.5000 +/- 0.4243
 2025-11-08 18:28:42,063 - Val:  81.0000 +/- 0.4320
 2025-11-08 18:28:42,063 - Test: 83.0000 +/- 0.7483
 2025-11-08 18:28:46,463 - Model: SGC, Seed:1, Vaild Mean Accuracy: 72.73 +/- 0.09, Test Mean Accuracy: 73.07 +/- 0.33
 2025-11-08 18:28:50,327 - Model: GCN, Seed:1, Vaild Mean Accuracy: 67.53 +/- 2.72, Test Mean Accuracy: 68.27 +/- 1.88
 2025-11-08 18:28:58,457 - Model: GAT, Seed:1, Vaild Mean Accuracy: 31.33 +/- 0.38, Test Mean Accuracy: 29.57 +/- 3.23
 2025-11-08 18:29:03,699 - Model: GraphSage, Seed:1, Vaild Mean Accuracy: 60.47 +/- 0.77, Test Mean Accuracy: 60.83 +/- 1.11
 2025-11-08 18:29:30,784 - Model: Cheby, Seed:1, Vaild Mean Accuracy: 18.07 +/- 0.66, Test Mean Accuracy: 16.47 +/- 1.27
 2025-11-08 18:29:37,744 - Model: APPNP, Seed:1, Vaild Mean Accuracy: 81.33 +/- 0.09, Test Mean Accuracy: 82.63 +/- 0.21
 2025-11-08 18:29:39,630 - Model: Linear, Seed:1, Vaild Mean Accuracy: 61.27 +/- 4.35, Test Mean Accuracy: 59.57 +/- 4.37
 2025-11-08 18:29:44,791 - grid_search, cora, doscond, APPNP
 2025-11-08 18:29:44,792 - Config: lr_feat 0.001 lr_adj 0.001 dis_metric ours outer_loop 1 inner_loop 1
 2025-11-08 18:29:44,792 - Intermediate evaluation on [-1, 99, 199, 299, 399, 499, 599, 699, 799, 899, 999]
 2025-11-08 18:30:12,496 - Val:  27.3333 +/- 8.2694
 2025-11-08 18:30:12,496 - Test: 25.5333 +/- 8.3508
 2025-11-08 18:30:38,450 - Val:  28.6000 +/- 8.8784
 2025-11-08 18:30:38,450 - Test: 27.2667 +/- 9.2124
 2025-11-08 18:31:03,513 - Val:  22.4667 +/- 2.5630
 2025-11-08 18:31:03,514 - Test: 20.3667 +/- 2.9511
 2025-11-08 18:31:26,279 - Val:  27.4000 +/- 8.3058
 2025-11-08 18:31:26,280 - Test: 25.4000 +/- 6.8678
 2025-11-08 18:31:53,795 - Val:  20.8000 +/- 7.3539
 2025-11-08 18:31:53,795 - Test: 20.1667 +/- 8.1553
 2025-11-08 18:32:21,027 - Val:  21.0667 +/- 7.4500
 2025-11-08 18:32:21,027 - Test: 20.1667 +/- 8.2971
 2025-11-08 18:32:47,073 - Val:  18.2667 +/- 2.3907
 2025-11-08 18:32:47,074 - Test: 16.7667 +/- 1.7820
 2025-11-08 18:33:11,196 - Val:  17.1333 +/- 1.8856
 2025-11-08 18:33:11,210 - Test: 16.1667 +/- 2.3099
 2025-11-08 18:33:36,490 - Val:  25.2000 +/- 8.6733
 2025-11-08 18:33:36,490 - Test: 23.1333 +/- 7.4621
 2025-11-08 18:34:02,541 - Val:  24.6000 +/- 8.4994
 2025-11-08 18:34:02,541 - Test: 22.5333 +/- 7.3983
 2025-11-08 18:34:07,029 - Model: SGC, Seed:1, Vaild Mean Accuracy: 10.80 +/- 4.01, Test Mean Accuracy: 10.83 +/- 2.89
 2025-11-08 18:34:10,901 - Model: GCN, Seed:1, Vaild Mean Accuracy: 30.73 +/- 2.45, Test Mean Accuracy: 30.37 +/- 2.10
 2025-11-08 18:34:17,954 - Model: GAT, Seed:1, Vaild Mean Accuracy: 27.53 +/- 5.61, Test Mean Accuracy: 27.33 +/- 6.53
 2025-11-08 18:34:23,153 - Model: GraphSage, Seed:1, Vaild Mean Accuracy: 34.07 +/- 1.32, Test Mean Accuracy: 32.43 +/- 0.29
 2025-11-08 18:34:50,558 - Model: Cheby, Seed:1, Vaild Mean Accuracy: 25.87 +/- 6.87, Test Mean Accuracy: 25.63 +/- 7.56
 2025-11-08 18:34:59,137 - Model: APPNP, Seed:1, Vaild Mean Accuracy: 23.13 +/- 7.09, Test Mean Accuracy: 22.77 +/- 7.82
 2025-11-08 18:35:01,045 - Model: Linear, Seed:1, Vaild Mean Accuracy: 24.00 +/- 5.65, Test Mean Accuracy: 23.43 +/- 6.11
 2025-11-08 18:35:06,089 - grid_search, cora, doscond, APPNP
 2025-11-08 18:35:06,089 - Config: lr_feat 0.001 lr_adj 0.01 dis_metric mse outer_loop 1 inner_loop 1
 2025-11-08 18:35:06,089 - Intermediate evaluation on [-1, 99, 199, 299, 399, 499, 599, 699, 799, 899, 999]
 2025-11-08 18:35:34,848 - Val:  69.1333 +/- 2.7195
 2025-11-08 18:35:34,849 - Test: 68.6000 +/- 3.0540
 2025-11-08 18:36:00,551 - Val:  77.9333 +/- 0.2494
 2025-11-08 18:36:00,551 - Test: 77.4333 +/- 1.1728
 2025-11-08 18:36:25,314 - Val:  82.0000 +/- 0.2828
 2025-11-08 18:36:25,314 - Test: 83.4333 +/- 0.1247
 2025-11-08 18:36:50,786 - Val:  81.1333 +/- 0.2494
 2025-11-08 18:36:50,786 - Test: 81.4333 +/- 1.0873
 2025-11-08 18:37:16,377 - Val:  81.2667 +/- 0.4989
 2025-11-08 18:37:16,378 - Test: 81.6333 +/- 0.3399
 2025-11-08 18:37:41,648 - Val:  81.4000 +/- 0.4320
 2025-11-08 18:37:41,649 - Test: 82.9000 +/- 0.2449
 2025-11-08 18:38:06,712 - Val:  81.2667 +/- 0.3771
 2025-11-08 18:38:06,712 - Test: 82.5667 +/- 0.9843
 2025-11-08 18:38:31,332 - Val:  80.8000 +/- 0.4320
 2025-11-08 18:38:31,333 - Test: 81.4000 +/- 1.1045
 2025-11-08 18:38:53,805 - Val:  81.4000 +/- 0.4320
 2025-11-08 18:38:53,806 - Test: 82.7000 +/- 0.7483
 2025-11-08 18:39:15,754 - Val:  80.8000 +/- 0.4320
 2025-11-08 18:39:15,754 - Test: 81.4667 +/- 0.8498
 2025-11-08 18:39:20,002 - Model: SGC, Seed:1, Vaild Mean Accuracy: 60.27 +/- 0.09, Test Mean Accuracy: 58.23 +/- 0.17
 2025-11-08 18:39:23,612 - Model: GCN, Seed:1, Vaild Mean Accuracy: 37.07 +/- 2.71, Test Mean Accuracy: 38.03 +/- 1.88
 2025-11-08 18:39:31,931 - Model: GAT, Seed:1, Vaild Mean Accuracy: 31.00 +/- 0.49, Test Mean Accuracy: 30.50 +/- 1.51
 2025-11-08 18:39:37,255 - Model: GraphSage, Seed:1, Vaild Mean Accuracy: 53.40 +/- 4.25, Test Mean Accuracy: 53.43 +/- 2.67
 2025-11-08 18:40:04,679 - Model: Cheby, Seed:1, Vaild Mean Accuracy: 23.60 +/- 5.52, Test Mean Accuracy: 22.30 +/- 5.34
 2025-11-08 18:40:13,059 - Model: APPNP, Seed:1, Vaild Mean Accuracy: 81.40 +/- 0.16, Test Mean Accuracy: 83.37 +/- 0.62
 2025-11-08 18:40:14,799 - Model: Linear, Seed:1, Vaild Mean Accuracy: 54.20 +/- 7.41, Test Mean Accuracy: 53.40 +/- 6.70
 2025-11-08 18:40:19,808 - grid_search, cora, doscond, APPNP
 2025-11-08 18:40:19,808 - Config: lr_feat 0.001 lr_adj 0.01 dis_metric ours outer_loop 1 inner_loop 1
 2025-11-08 18:40:19,808 - Intermediate evaluation on [-1, 99, 199, 299, 399, 499, 599, 699, 799, 899, 999]
 2025-11-08 18:40:50,935 - Val:  22.4667 +/- 4.3400
 2025-11-08 18:40:50,936 - Test: 21.6667 +/- 4.6835
 2025-11-08 18:41:18,093 - Val:  28.6667 +/- 5.6576
 2025-11-08 18:41:18,093 - Test: 27.2667 +/- 5.9696
 2025-11-08 18:41:45,595 - Val:  22.2000 +/- 3.3744
 2025-11-08 18:41:45,596 - Test: 20.2000 +/- 2.4345
 2025-11-08 18:42:10,743 - Val:  23.0000 +/- 6.1731
 2025-11-08 18:42:10,743 - Test: 21.7667 +/- 7.2117
 2025-11-08 18:42:37,314 - Val:  21.7333 +/- 8.2532
 2025-11-08 18:42:37,315 - Test: 20.8667 +/- 9.4295
 2025-11-08 18:43:02,987 - Val:  24.4000 +/- 6.6292
 2025-11-08 18:43:02,987 - Test: 23.2000 +/- 7.1447
 2025-11-08 18:43:24,005 - Val:  16.4667 +/- 0.2494
 2025-11-08 18:43:24,005 - Test: 15.0667 +/- 0.2357
 2025-11-08 18:43:49,790 - Val:  17.1333 +/- 2.0287
 2025-11-08 18:43:49,790 - Test: 14.6000 +/- 0.4320
 2025-11-08 18:44:12,888 - Val:  20.9333 +/- 7.5425
 2025-11-08 18:44:12,888 - Test: 20.2333 +/- 8.2496
 2025-11-08 18:44:33,503 - Val:  17.4667 +/- 1.4079
 2025-11-08 18:44:33,503 - Test: 15.3000 +/- 0.8832
 2025-11-08 18:44:37,883 - Model: SGC, Seed:1, Vaild Mean Accuracy: 11.53 +/- 5.70, Test Mean Accuracy: 12.10 +/- 4.24
 2025-11-08 18:44:41,837 - Model: GCN, Seed:1, Vaild Mean Accuracy: 31.53 +/- 0.09, Test Mean Accuracy: 31.90 +/- 0.00
 2025-11-08 18:44:50,083 - Model: GAT, Seed:1, Vaild Mean Accuracy: 25.40 +/- 5.15, Test Mean Accuracy: 24.47 +/- 6.44
 2025-11-08 18:44:55,564 - Model: GraphSage, Seed:1, Vaild Mean Accuracy: 34.67 +/- 0.50, Test Mean Accuracy: 30.30 +/- 0.54
 2025-11-08 18:45:23,283 - Model: Cheby, Seed:1, Vaild Mean Accuracy: 29.80 +/- 2.55, Test Mean Accuracy: 30.23 +/- 2.29
 2025-11-08 18:45:31,897 - Model: APPNP, Seed:1, Vaild Mean Accuracy: 27.13 +/- 10.85, Test Mean Accuracy: 25.20 +/- 10.05
 2025-11-08 18:45:33,952 - Model: Linear, Seed:1, Vaild Mean Accuracy: 24.67 +/- 5.06, Test Mean Accuracy: 23.90 +/- 5.66
 2025-11-08 18:45:39,050 - grid_search, cora, doscond, APPNP
 2025-11-08 18:45:39,050 - Config: lr_feat 0.01 lr_adj 0.0001 dis_metric mse outer_loop 1 inner_loop 1
 2025-11-08 18:45:39,050 - Intermediate evaluation on [-1, 99, 199, 299, 399, 499, 599, 699, 799, 899, 999]
 2025-11-08 18:46:08,444 - Val:  79.4667 +/- 0.5735
 2025-11-08 18:46:08,444 - Test: 80.7667 +/- 0.9741
 2025-11-08 18:46:31,630 - Val:  79.0000 +/- 0.9798
 2025-11-08 18:46:31,631 - Test: 79.6667 +/- 1.3597
 2025-11-08 18:46:58,923 - Val:  79.8000 +/- 0.5657
 2025-11-08 18:46:58,924 - Test: 80.7333 +/- 0.4643
 2025-11-08 18:47:24,191 - Val:  78.1333 +/- 0.3399
 2025-11-08 18:47:24,191 - Test: 76.9667 +/- 0.7134
 2025-11-08 18:47:50,319 - Val:  77.9333 +/- 0.8380
 2025-11-08 18:47:50,319 - Test: 79.1667 +/- 0.6600
 2025-11-08 18:48:16,697 - Val:  73.8667 +/- 1.5173
 2025-11-08 18:48:16,697 - Test: 72.8333 +/- 2.2395
 2025-11-08 18:48:43,512 - Val:  77.0000 +/- 0.6532
 2025-11-08 18:48:43,513 - Test: 78.1333 +/- 0.4497
 2025-11-08 18:49:09,825 - Val:  77.7333 +/- 0.2494
 2025-11-08 18:49:09,825 - Test: 77.5000 +/- 1.5642
 2025-11-08 18:49:32,989 - Val:  80.1333 +/- 0.6600
 2025-11-08 18:49:32,989 - Test: 81.5667 +/- 0.8731
 2025-11-08 18:49:59,265 - Val:  77.9333 +/- 0.4110
 2025-11-08 18:49:59,265 - Test: 78.4333 +/- 0.7040
 2025-11-08 18:50:03,767 - Model: SGC, Seed:1, Vaild Mean Accuracy: 40.53 +/- 5.57, Test Mean Accuracy: 40.13 +/- 6.12
 2025-11-08 18:50:08,085 - Model: GCN, Seed:1, Vaild Mean Accuracy: 52.93 +/- 6.64, Test Mean Accuracy: 51.53 +/- 5.50
 2025-11-08 18:50:16,873 - Model: GAT, Seed:1, Vaild Mean Accuracy: 26.73 +/- 6.61, Test Mean Accuracy: 27.00 +/- 7.29
 2025-11-08 18:50:22,484 - Model: GraphSage, Seed:1, Vaild Mean Accuracy: 55.47 +/- 0.41, Test Mean Accuracy: 56.20 +/- 0.37
 2025-11-08 18:50:51,022 - Model: Cheby, Seed:1, Vaild Mean Accuracy: 21.20 +/- 4.01, Test Mean Accuracy: 19.40 +/- 5.49
 2025-11-08 18:50:59,856 - Model: APPNP, Seed:1, Vaild Mean Accuracy: 78.87 +/- 0.62, Test Mean Accuracy: 79.73 +/- 1.06
 2025-11-08 18:51:01,978 - Model: Linear, Seed:1, Vaild Mean Accuracy: 48.20 +/- 0.99, Test Mean Accuracy: 48.07 +/- 2.49
 2025-11-08 18:51:06,789 - grid_search, cora, doscond, APPNP
 2025-11-08 18:51:06,789 - Config: lr_feat 0.01 lr_adj 0.0001 dis_metric ours outer_loop 1 inner_loop 1
 2025-11-08 18:51:06,789 - Intermediate evaluation on [-1, 99, 199, 299, 399, 499, 599, 699, 799, 899, 999]
 2025-11-08 18:51:38,003 - Val:  21.7333 +/- 6.9844
 2025-11-08 18:51:38,003 - Test: 21.4333 +/- 7.4083
 2025-11-08 18:52:05,509 - Val:  27.4667 +/- 7.5865
 2025-11-08 18:52:05,509 - Test: 25.5333 +/- 7.5021
 2025-11-08 18:52:32,591 - Val:  26.3333 +/- 7.5901
 2025-11-08 18:52:32,592 - Test: 26.1000 +/- 8.2733
 2025-11-08 18:52:56,985 - Val:  26.5333 +/- 7.1653
 2025-11-08 18:52:56,986 - Test: 26.2000 +/- 8.0610
 2025-11-08 18:53:20,723 - Val:  31.5333 +/- 0.8994
 2025-11-08 18:53:20,724 - Test: 31.2333 +/- 0.5735
 2025-11-08 18:53:46,343 - Val:  21.6000 +/- 7.1012
 2025-11-08 18:53:46,343 - Test: 20.7333 +/- 7.9138
 2025-11-08 18:54:13,771 - Val:  16.2667 +/- 0.0943
 2025-11-08 18:54:13,772 - Test: 14.1333 +/- 0.9463
 2025-11-08 18:54:39,813 - Val:  14.4000 +/- 2.1354
 2025-11-08 18:54:39,813 - Test: 13.2000 +/- 2.0607
 2025-11-08 18:55:07,008 - Val:  26.4667 +/- 7.2596
 2025-11-08 18:55:07,009 - Test: 26.2333 +/- 8.0139
 2025-11-08 18:55:33,931 - Val:  21.6000 +/- 7.0730
 2025-11-08 18:55:33,932 - Test: 20.7667 +/- 7.8729
 2025-11-08 18:55:38,353 - Model: SGC, Seed:1, Vaild Mean Accuracy: 26.40 +/- 7.50, Test Mean Accuracy: 25.87 +/- 8.39
 2025-11-08 18:55:42,347 - Model: GCN, Seed:1, Vaild Mean Accuracy: 26.27 +/- 0.94, Test Mean Accuracy: 26.27 +/- 1.68
 2025-11-08 18:55:50,642 - Model: GAT, Seed:1, Vaild Mean Accuracy: 31.40 +/- 0.28, Test Mean Accuracy: 31.50 +/- 0.57
 2025-11-08 18:55:55,887 - Model: GraphSage, Seed:1, Vaild Mean Accuracy: 20.40 +/- 6.36, Test Mean Accuracy: 18.40 +/- 6.01
 2025-11-08 18:56:24,091 - Model: Cheby, Seed:1, Vaild Mean Accuracy: 26.87 +/- 6.69, Test Mean Accuracy: 26.13 +/- 8.16
 2025-11-08 18:56:31,222 - Model: APPNP, Seed:1, Vaild Mean Accuracy: 26.47 +/- 7.26, Test Mean Accuracy: 26.20 +/- 7.99
 2025-11-08 18:56:33,076 - Model: Linear, Seed:1, Vaild Mean Accuracy: 21.60 +/- 7.09, Test Mean Accuracy: 19.80 +/- 8.50
 2025-11-08 18:56:37,773 - grid_search, cora, doscond, APPNP
 2025-11-08 18:56:37,774 - Config: lr_feat 0.01 lr_adj 0.001 dis_metric mse outer_loop 1 inner_loop 1
 2025-11-08 18:56:37,774 - Intermediate evaluation on [-1, 99, 199, 299, 399, 499, 599, 699, 799, 899, 999]
 2025-11-08 18:57:06,780 - Val:  80.9333 +/- 0.0943
 2025-11-08 18:57:06,781 - Test: 81.1333 +/- 0.1886
 2025-11-08 18:57:31,728 - Val:  80.5333 +/- 0.3771
 2025-11-08 18:57:31,728 - Test: 81.3333 +/- 1.2284
 2025-11-08 18:57:57,560 - Val:  81.0000 +/- 0.4899
 2025-11-08 18:57:57,560 - Test: 81.7667 +/- 0.6342
 2025-11-08 18:58:24,369 - Val:  79.3333 +/- 0.8055
 2025-11-08 18:58:24,369 - Test: 78.9667 +/- 2.3012
 2025-11-08 18:58:49,377 - Val:  79.3333 +/- 0.3771
 2025-11-08 18:58:49,378 - Test: 78.4667 +/- 0.2625
 2025-11-08 18:59:12,813 - Val:  73.4667 +/- 0.6600
 2025-11-08 18:59:12,814 - Test: 70.9000 +/- 0.9274
 2025-11-08 18:59:37,289 - Val:  73.1333 +/- 0.5735
 2025-11-08 18:59:37,290 - Test: 72.6667 +/- 0.5437
 2025-11-08 19:00:02,985 - Val:  72.5333 +/- 0.6182
 2025-11-08 19:00:02,985 - Test: 70.2333 +/- 0.5437
 2025-11-08 19:00:29,000 - Val:  78.9333 +/- 0.0943
 2025-11-08 19:00:29,000 - Test: 78.8333 +/- 1.0339
 2025-11-08 19:00:52,433 - Val:  78.0667 +/- 0.6182
 2025-11-08 19:00:52,433 - Test: 78.8667 +/- 0.3399
 2025-11-08 19:00:56,657 - Model: SGC, Seed:1, Vaild Mean Accuracy: 61.33 +/- 0.09, Test Mean Accuracy: 59.73 +/- 0.09
 2025-11-08 19:01:00,273 - Model: GCN, Seed:1, Vaild Mean Accuracy: 47.40 +/- 6.98, Test Mean Accuracy: 45.77 +/- 6.62
 2025-11-08 19:01:07,054 - Model: GAT, Seed:1, Vaild Mean Accuracy: 31.27 +/- 2.45, Test Mean Accuracy: 30.27 +/- 2.49
 2025-11-08 19:01:11,496 - Model: GraphSage, Seed:1, Vaild Mean Accuracy: 57.40 +/- 2.59, Test Mean Accuracy: 57.80 +/- 1.59
 2025-11-08 19:01:38,983 - Model: Cheby, Seed:1, Vaild Mean Accuracy: 22.80 +/- 4.74, Test Mean Accuracy: 22.13 +/- 5.43
 2025-11-08 19:01:47,766 - Model: APPNP, Seed:1, Vaild Mean Accuracy: 80.87 +/- 0.09, Test Mean Accuracy: 81.90 +/- 0.57
 2025-11-08 19:01:49,784 - Model: Linear, Seed:1, Vaild Mean Accuracy: 51.67 +/- 4.51, Test Mean Accuracy: 49.97 +/- 4.60
 2025-11-08 19:01:54,587 - grid_search, cora, doscond, APPNP
 2025-11-08 19:01:54,588 - Config: lr_feat 0.01 lr_adj 0.001 dis_metric ours outer_loop 1 inner_loop 1
 2025-11-08 19:01:54,588 - Intermediate evaluation on [-1, 99, 199, 299, 399, 499, 599, 699, 799, 899, 999]
 2025-11-08 19:02:24,283 - Val:  26.4667 +/- 7.2596
 2025-11-08 19:02:24,283 - Test: 26.2333 +/- 8.0139
 2025-11-08 19:02:46,945 - Val:  28.6667 +/- 7.6286
 2025-11-08 19:02:46,946 - Test: 27.3333 +/- 7.2454
 2025-11-08 19:03:13,648 - Val:  26.4667 +/- 6.4298
 2025-11-08 19:03:13,648 - Test: 24.9333 +/- 6.8616
 2025-11-08 19:03:39,476 - Val:  26.5333 +/- 7.7379
 2025-11-08 19:03:39,476 - Test: 26.2333 +/- 8.3699
 2025-11-08 19:04:07,099 - Val:  29.4667 +/- 2.7536
 2025-11-08 19:04:07,099 - Test: 29.7667 +/- 2.4567
 2025-11-08 19:04:32,173 - Val:  26.3333 +/- 7.5901
 2025-11-08 19:04:32,173 - Test: 25.6333 +/- 7.9609
 2025-11-08 19:04:59,578 - Val:  25.7333 +/- 5.0842
 2025-11-08 19:04:59,578 - Test: 24.9667 +/- 6.1759
 2025-11-08 19:05:25,920 - Val:  19.4000 +/- 7.9011
 2025-11-08 19:05:25,921 - Test: 19.6333 +/- 8.5465
 2025-11-08 19:05:48,964 - Val:  21.2000 +/- 7.3557
 2025-11-08 19:05:48,964 - Test: 20.4000 +/- 8.1343
 2025-11-08 19:06:12,374 - Val:  21.2000 +/- 7.0711
 2025-11-08 19:06:12,374 - Test: 20.1333 +/- 7.4011
 2025-11-08 19:06:17,036 - Model: SGC, Seed:1, Vaild Mean Accuracy: 31.67 +/- 0.09, Test Mean Accuracy: 31.43 +/- 0.52
 2025-11-08 19:06:20,866 - Model: GCN, Seed:1, Vaild Mean Accuracy: 22.33 +/- 6.59, Test Mean Accuracy: 22.63 +/- 6.56
 2025-11-08 19:06:29,618 - Model: GAT, Seed:1, Vaild Mean Accuracy: 25.87 +/- 7.32, Test Mean Accuracy: 25.20 +/- 7.81
 2025-11-08 19:06:35,042 - Model: GraphSage, Seed:1, Vaild Mean Accuracy: 21.60 +/- 4.38, Test Mean Accuracy: 20.27 +/- 4.73
 2025-11-08 19:07:02,893 - Model: Cheby, Seed:1, Vaild Mean Accuracy: 24.67 +/- 7.17, Test Mean Accuracy: 24.20 +/- 7.42
 2025-11-08 19:07:11,682 - Model: APPNP, Seed:1, Vaild Mean Accuracy: 21.53 +/- 7.12, Test Mean Accuracy: 20.43 +/- 8.11
 2025-11-08 19:07:13,474 - Model: Linear, Seed:1, Vaild Mean Accuracy: 22.13 +/- 6.27, Test Mean Accuracy: 20.47 +/- 8.04
 2025-11-08 19:07:18,163 - grid_search, cora, doscond, APPNP
 2025-11-08 19:07:18,163 - Config: lr_feat 0.01 lr_adj 0.01 dis_metric mse outer_loop 1 inner_loop 1
 2025-11-08 19:07:18,163 - Intermediate evaluation on [-1, 99, 199, 299, 399, 499, 599, 699, 799, 899, 999]
 2025-11-08 19:07:46,626 - Val:  77.8667 +/- 0.2494
 2025-11-08 19:07:46,626 - Test: 79.1000 +/- 0.9201
 2025-11-08 19:08:11,607 - Val:  79.4667 +/- 0.7717
 2025-11-08 19:08:11,608 - Test: 80.0000 +/- 1.3064
 2025-11-08 19:08:38,732 - Val:  76.0000 +/- 0.9092
 2025-11-08 19:08:38,733 - Test: 73.6000 +/- 1.3952
 2025-11-08 19:09:03,091 - Val:  75.6000 +/- 0.9798
 2025-11-08 19:09:03,092 - Test: 75.5000 +/- 1.4855
 2025-11-08 19:09:23,983 - Val:  79.4000 +/- 0.2828
 2025-11-08 19:09:23,984 - Test: 79.4667 +/- 0.1886
 2025-11-08 19:09:48,569 - Val:  78.2000 +/- 0.7483
 2025-11-08 19:09:48,569 - Test: 78.1667 +/- 2.1853
 2025-11-08 19:10:13,663 - Val:  78.9333 +/- 0.1886
 2025-11-08 19:10:13,664 - Test: 79.8333 +/- 0.8260
 2025-11-08 19:10:38,927 - Val:  72.2667 +/- 0.2494
 2025-11-08 19:10:38,928 - Test: 70.2333 +/- 0.4028
 2025-11-08 19:11:03,976 - Val:  79.2000 +/- 0.4320
 2025-11-08 19:11:03,977 - Test: 80.0333 +/- 0.5558
 2025-11-08 19:11:25,922 - Val:  78.4000 +/- 0.5888
 2025-11-08 19:11:25,922 - Test: 79.5333 +/- 1.0209
 2025-11-08 19:11:30,251 - Model: SGC, Seed:1, Vaild Mean Accuracy: 41.33 +/- 0.09, Test Mean Accuracy: 36.93 +/- 0.19
 2025-11-08 19:11:33,985 - Model: GCN, Seed:1, Vaild Mean Accuracy: 38.53 +/- 4.91, Test Mean Accuracy: 37.33 +/- 3.92
 2025-11-08 19:11:41,651 - Model: GAT, Seed:1, Vaild Mean Accuracy: 29.87 +/- 2.31, Test Mean Accuracy: 29.33 +/- 3.28
 2025-11-08 19:11:47,062 - Model: GraphSage, Seed:1, Vaild Mean Accuracy: 56.80 +/- 5.29, Test Mean Accuracy: 56.03 +/- 4.05
 2025-11-08 19:12:14,603 - Model: Cheby, Seed:1, Vaild Mean Accuracy: 17.53 +/- 0.84, Test Mean Accuracy: 15.87 +/- 1.11
 2025-11-08 19:12:22,481 - Model: APPNP, Seed:1, Vaild Mean Accuracy: 78.87 +/- 0.50, Test Mean Accuracy: 78.73 +/- 1.53
 2025-11-08 19:12:24,349 - Model: Linear, Seed:1, Vaild Mean Accuracy: 44.80 +/- 3.69, Test Mean Accuracy: 42.80 +/- 5.45
 2025-11-08 19:12:29,426 - grid_search, cora, doscond, APPNP
 2025-11-08 19:12:29,426 - Config: lr_feat 0.01 lr_adj 0.01 dis_metric ours outer_loop 1 inner_loop 1
 2025-11-08 19:12:29,426 - Intermediate evaluation on [-1, 99, 199, 299, 399, 499, 599, 699, 799, 899, 999]
 2025-11-08 19:12:59,511 - Val:  26.6000 +/- 6.0860
 2025-11-08 19:12:59,511 - Test: 24.9000 +/- 5.9313
 2025-11-08 19:13:25,976 - Val:  27.2000 +/- 7.5313
 2025-11-08 19:13:25,976 - Test: 25.6667 +/- 7.5119
 2025-11-08 19:13:52,695 - Val:  20.2667 +/- 8.2726
 2025-11-08 19:13:52,696 - Test: 18.8667 +/- 6.6984
 2025-11-08 19:14:19,360 - Val:  21.4000 +/- 7.2130
 2025-11-08 19:14:19,360 - Test: 20.1333 +/- 8.3372
 2025-11-08 19:14:45,470 - Val:  26.4000 +/- 7.3539
 2025-11-08 19:14:45,470 - Test: 26.0000 +/- 8.3439
 2025-11-08 19:15:09,432 - Val:  20.8667 +/- 7.6111
 2025-11-08 19:15:09,433 - Test: 20.2333 +/- 8.2597
 2025-11-08 19:15:34,749 - Val:  31.7333 +/- 0.1886
 2025-11-08 19:15:34,750 - Test: 31.9000 +/- 0.0000
 2025-11-08 19:16:02,286 - Val:  16.1333 +/- 0.4110
 2025-11-08 19:16:02,287 - Test: 14.5667 +/- 0.2357
 2025-11-08 19:16:29,319 - Val:  26.1333 +/- 7.0358
 2025-11-08 19:16:29,319 - Test: 25.9333 +/- 7.8104
 2025-11-08 19:16:56,575 - Val:  21.3333 +/- 7.2596
 2025-11-08 19:16:56,576 - Test: 20.5667 +/- 8.0139
 2025-11-08 19:17:00,989 - Model: SGC, Seed:1, Vaild Mean Accuracy: 31.60 +/- 0.00, Test Mean Accuracy: 31.90 +/- 0.08
 2025-11-08 19:17:04,795 - Model: GCN, Seed:1, Vaild Mean Accuracy: 26.33 +/- 6.75, Test Mean Accuracy: 26.30 +/- 7.92
 2025-11-08 19:17:12,764 - Model: GAT, Seed:1, Vaild Mean Accuracy: 28.20 +/- 5.68, Test Mean Accuracy: 27.23 +/- 5.00
 2025-11-08 19:17:18,188 - Model: GraphSage, Seed:1, Vaild Mean Accuracy: 25.93 +/- 6.88, Test Mean Accuracy: 25.83 +/- 7.73
 2025-11-08 19:17:46,194 - Model: Cheby, Seed:1, Vaild Mean Accuracy: 26.53 +/- 6.33, Test Mean Accuracy: 25.57 +/- 7.33
 2025-11-08 19:17:55,104 - Model: APPNP, Seed:1, Vaild Mean Accuracy: 21.33 +/- 7.26, Test Mean Accuracy: 20.40 +/- 8.13
 2025-11-08 19:17:56,992 - Model: Linear, Seed:1, Vaild Mean Accuracy: 18.53 +/- 3.16, Test Mean Accuracy: 15.90 +/- 2.77
